2013-09-04T23:35:00+00:00 ERR (3): 
SoapFault exception: [Client] SOAP-ERROR: Encoding: string '1\xb0...' is not a valid utf-8 string in /var/www/upgrade/app/code/core/Mage/Usa/Model/Shipping/Carrier/Fedex.php:1020
Stack trace:
#0 /var/www/upgrade/app/code/core/Mage/Usa/Model/Shipping/Carrier/Fedex.php(1020): SoapClient->__call('track', Array)
#1 /var/www/upgrade/app/code/core/Mage/Usa/Model/Shipping/Carrier/Fedex.php(1020): SoapClient->track(Array)
#2 /var/www/upgrade/app/code/core/Mage/Usa/Model/Shipping/Carrier/Fedex.php(958): Mage_Usa_Model_Shipping_Carrier_Fedex->_getXMLTracking('504871230000686')
#3 /var/www/upgrade/app/code/core/Mage/Usa/Model/Shipping/Carrier/Abstract.php(75): Mage_Usa_Model_Shipping_Carrier_Fedex->getTracking('504871230000686')
#4 /var/www/upgrade/app/code/core/Mage/Sales/Model/Order/Shipment/Track.php(154): Mage_Usa_Model_Shipping_Carrier_Abstract->getTrackingInfo('504871230000686')
#5 /var/www/upgrade/app/code/core/Mage/Shipping/Model/Info.php(123): Mage_Sales_Model_Order_Shipment_Track->getNumberDetail()
#6 /var/www/upgrade/app/code/core/Mage/Shipping/Model/Info.php(53): Mage_Shipping_Model_Info->getTrackingInfoByOrder()
#7 /var/www/upgrade/app/code/core/Mage/Shipping/controllers/TrackingController.php(69): Mage_Shipping_Model_Info->loadByHash('b3JkZXJfaWQ6NTY...')
#8 /var/www/upgrade/app/code/core/Mage/Core/Controller/Varien/Action.php(418): Mage_Shipping_TrackingController->popupAction()
#9 /var/www/upgrade/app/code/local/Mage/Core/Controller/Varien/Router/Standard.php(250): Mage_Core_Controller_Varien_Action->dispatch('popup')
#10 /var/www/upgrade/app/code/core/Mage/Core/Controller/Varien/Front.php(172): Mage_Core_Controller_Varien_Router_Standard->match(Object(Mage_Core_Controller_Request_Http))
#11 /var/www/upgrade/app/code/core/Mage/Core/Model/App.php(354): Mage_Core_Controller_Varien_Front->dispatch()
#12 /var/www/upgrade/app/Mage.php(683): Mage_Core_Model_App->run(Array)
#13 /var/www/upgrade/index.php(87): Mage::run('', 'store')
#14 {main}
2013-09-04T23:35:03+00:00 ERR (3): 
SoapFault exception: [Client] SOAP-ERROR: Encoding: string '1\xb0...' is not a valid utf-8 string in /var/www/upgrade/app/code/core/Mage/Usa/Model/Shipping/Carrier/Fedex.php:1020
Stack trace:
#0 /var/www/upgrade/app/code/core/Mage/Usa/Model/Shipping/Carrier/Fedex.php(1020): SoapClient->__call('track', Array)
#1 /var/www/upgrade/app/code/core/Mage/Usa/Model/Shipping/Carrier/Fedex.php(1020): SoapClient->track(Array)
#2 /var/www/upgrade/app/code/core/Mage/Usa/Model/Shipping/Carrier/Fedex.php(958): Mage_Usa_Model_Shipping_Carrier_Fedex->_getXMLTracking('504871230000686')
#3 /var/www/upgrade/app/code/core/Mage/Usa/Model/Shipping/Carrier/Abstract.php(75): Mage_Usa_Model_Shipping_Carrier_Fedex->getTracking('504871230000686')
#4 /var/www/upgrade/app/code/core/Mage/Sales/Model/Order/Shipment/Track.php(154): Mage_Usa_Model_Shipping_Carrier_Abstract->getTrackingInfo('504871230000686')
#5 /var/www/upgrade/app/code/core/Mage/Shipping/Model/Info.php(123): Mage_Sales_Model_Order_Shipment_Track->getNumberDetail()
#6 /var/www/upgrade/app/code/core/Mage/Shipping/Model/Info.php(53): Mage_Shipping_Model_Info->getTrackingInfoByOrder()
#7 /var/www/upgrade/app/code/core/Mage/Shipping/controllers/TrackingController.php(69): Mage_Shipping_Model_Info->loadByHash('b3JkZXJfaWQ6NTY...')
#8 /var/www/upgrade/app/code/core/Mage/Core/Controller/Varien/Action.php(418): Mage_Shipping_TrackingController->popupAction()
#9 /var/www/upgrade/app/code/local/Mage/Core/Controller/Varien/Router/Standard.php(250): Mage_Core_Controller_Varien_Action->dispatch('popup')
#10 /var/www/upgrade/app/code/core/Mage/Core/Controller/Varien/Front.php(172): Mage_Core_Controller_Varien_Router_Standard->match(Object(Mage_Core_Controller_Request_Http))
#11 /var/www/upgrade/app/code/core/Mage/Core/Model/App.php(354): Mage_Core_Controller_Varien_Front->dispatch()
#12 /var/www/upgrade/app/Mage.php(683): Mage_Core_Model_App->run(Array)
#13 /var/www/upgrade/index.php(87): Mage::run('', 'store')
#14 {main}
2013-09-04T23:37:21+00:00 ERR (3): 
SoapFault exception: [Client] SOAP-ERROR: Encoding: string '1\xb0...' is not a valid utf-8 string in /var/www/upgrade/app/code/core/Mage/Usa/Model/Shipping/Carrier/Fedex.php:1020
Stack trace:
#0 /var/www/upgrade/app/code/core/Mage/Usa/Model/Shipping/Carrier/Fedex.php(1020): SoapClient->__call('track', Array)
#1 /var/www/upgrade/app/code/core/Mage/Usa/Model/Shipping/Carrier/Fedex.php(1020): SoapClient->track(Array)
#2 /var/www/upgrade/app/code/core/Mage/Usa/Model/Shipping/Carrier/Fedex.php(958): Mage_Usa_Model_Shipping_Carrier_Fedex->_getXMLTracking('504871230000686')
#3 /var/www/upgrade/app/code/core/Mage/Usa/Model/Shipping/Carrier/Abstract.php(75): Mage_Usa_Model_Shipping_Carrier_Fedex->getTracking('504871230000686')
#4 /var/www/upgrade/app/code/core/Mage/Sales/Model/Order/Shipment/Track.php(154): Mage_Usa_Model_Shipping_Carrier_Abstract->getTrackingInfo('504871230000686')
#5 /var/www/upgrade/app/code/core/Mage/Shipping/Model/Info.php(123): Mage_Sales_Model_Order_Shipment_Track->getNumberDetail()
#6 /var/www/upgrade/app/code/core/Mage/Shipping/Model/Info.php(53): Mage_Shipping_Model_Info->getTrackingInfoByOrder()
#7 /var/www/upgrade/app/code/core/Mage/Shipping/controllers/TrackingController.php(69): Mage_Shipping_Model_Info->loadByHash('b3JkZXJfaWQ6NTY...')
#8 /var/www/upgrade/app/code/core/Mage/Core/Controller/Varien/Action.php(418): Mage_Shipping_TrackingController->popupAction()
#9 /var/www/upgrade/app/code/local/Mage/Core/Controller/Varien/Router/Standard.php(250): Mage_Core_Controller_Varien_Action->dispatch('popup')
#10 /var/www/upgrade/app/code/core/Mage/Core/Controller/Varien/Front.php(172): Mage_Core_Controller_Varien_Router_Standard->match(Object(Mage_Core_Controller_Request_Http))
#11 /var/www/upgrade/app/code/core/Mage/Core/Model/App.php(354): Mage_Core_Controller_Varien_Front->dispatch()
#12 /var/www/upgrade/app/Mage.php(683): Mage_Core_Model_App->run(Array)
#13 /var/www/upgrade/index.php(87): Mage::run('', 'store')
#14 {main}
2013-09-04T23:37:23+00:00 ERR (3): 
SoapFault exception: [Client] SOAP-ERROR: Encoding: string '1\xb0...' is not a valid utf-8 string in /var/www/upgrade/app/code/core/Mage/Usa/Model/Shipping/Carrier/Fedex.php:1020
Stack trace:
#0 /var/www/upgrade/app/code/core/Mage/Usa/Model/Shipping/Carrier/Fedex.php(1020): SoapClient->__call('track', Array)
#1 /var/www/upgrade/app/code/core/Mage/Usa/Model/Shipping/Carrier/Fedex.php(1020): SoapClient->track(Array)
#2 /var/www/upgrade/app/code/core/Mage/Usa/Model/Shipping/Carrier/Fedex.php(958): Mage_Usa_Model_Shipping_Carrier_Fedex->_getXMLTracking('504871230000686')
#3 /var/www/upgrade/app/code/core/Mage/Usa/Model/Shipping/Carrier/Abstract.php(75): Mage_Usa_Model_Shipping_Carrier_Fedex->getTracking('504871230000686')
#4 /var/www/upgrade/app/code/core/Mage/Sales/Model/Order/Shipment/Track.php(154): Mage_Usa_Model_Shipping_Carrier_Abstract->getTrackingInfo('504871230000686')
#5 /var/www/upgrade/app/code/core/Mage/Shipping/Model/Info.php(123): Mage_Sales_Model_Order_Shipment_Track->getNumberDetail()
#6 /var/www/upgrade/app/code/core/Mage/Shipping/Model/Info.php(53): Mage_Shipping_Model_Info->getTrackingInfoByOrder()
#7 /var/www/upgrade/app/code/core/Mage/Shipping/controllers/TrackingController.php(69): Mage_Shipping_Model_Info->loadByHash('b3JkZXJfaWQ6NTY...')
#8 /var/www/upgrade/app/code/core/Mage/Core/Controller/Varien/Action.php(418): Mage_Shipping_TrackingController->popupAction()
#9 /var/www/upgrade/app/code/local/Mage/Core/Controller/Varien/Router/Standard.php(250): Mage_Core_Controller_Varien_Action->dispatch('popup')
#10 /var/www/upgrade/app/code/core/Mage/Core/Controller/Varien/Front.php(172): Mage_Core_Controller_Varien_Router_Standard->match(Object(Mage_Core_Controller_Request_Http))
#11 /var/www/upgrade/app/code/core/Mage/Core/Model/App.php(354): Mage_Core_Controller_Varien_Front->dispatch()
#12 /var/www/upgrade/app/Mage.php(683): Mage_Core_Model_App->run(Array)
#13 /var/www/upgrade/index.php(87): Mage::run('', 'store')
#14 {main}
2013-09-04T23:37:31+00:00 ERR (3): 
SoapFault exception: [Client] SOAP-ERROR: Encoding: string '1\xb0...' is not a valid utf-8 string in /var/www/upgrade/app/code/core/Mage/Usa/Model/Shipping/Carrier/Fedex.php:1020
Stack trace:
#0 /var/www/upgrade/app/code/core/Mage/Usa/Model/Shipping/Carrier/Fedex.php(1020): SoapClient->__call('track', Array)
#1 /var/www/upgrade/app/code/core/Mage/Usa/Model/Shipping/Carrier/Fedex.php(1020): SoapClient->track(Array)
#2 /var/www/upgrade/app/code/core/Mage/Usa/Model/Shipping/Carrier/Fedex.php(958): Mage_Usa_Model_Shipping_Carrier_Fedex->_getXMLTracking('056410715017139')
#3 /var/www/upgrade/app/code/core/Mage/Usa/Model/Shipping/Carrier/Abstract.php(75): Mage_Usa_Model_Shipping_Carrier_Fedex->getTracking('056410715017139')
#4 /var/www/upgrade/app/code/core/Mage/Sales/Model/Order/Shipment/Track.php(154): Mage_Usa_Model_Shipping_Carrier_Abstract->getTrackingInfo('056410715017139')
#5 /var/www/upgrade/app/code/core/Mage/Shipping/Model/Info.php(123): Mage_Sales_Model_Order_Shipment_Track->getNumberDetail()
#6 /var/www/upgrade/app/code/core/Mage/Shipping/Model/Info.php(53): Mage_Shipping_Model_Info->getTrackingInfoByOrder()
#7 /var/www/upgrade/app/code/core/Mage/Shipping/controllers/TrackingController.php(69): Mage_Shipping_Model_Info->loadByHash('b3JkZXJfaWQ6NTc...')
#8 /var/www/upgrade/app/code/core/Mage/Core/Controller/Varien/Action.php(418): Mage_Shipping_TrackingController->popupAction()
#9 /var/www/upgrade/app/code/local/Mage/Core/Controller/Varien/Router/Standard.php(250): Mage_Core_Controller_Varien_Action->dispatch('popup')
#10 /var/www/upgrade/app/code/core/Mage/Core/Controller/Varien/Front.php(172): Mage_Core_Controller_Varien_Router_Standard->match(Object(Mage_Core_Controller_Request_Http))
#11 /var/www/upgrade/app/code/core/Mage/Core/Model/App.php(354): Mage_Core_Controller_Varien_Front->dispatch()
#12 /var/www/upgrade/app/Mage.php(683): Mage_Core_Model_App->run(Array)
#13 /var/www/upgrade/index.php(87): Mage::run('', 'store')
#14 {main}
2013-09-04T23:37:32+00:00 ERR (3): 
SoapFault exception: [Client] SOAP-ERROR: Encoding: string '1\xb0...' is not a valid utf-8 string in /var/www/upgrade/app/code/core/Mage/Usa/Model/Shipping/Carrier/Fedex.php:1020
Stack trace:
#0 /var/www/upgrade/app/code/core/Mage/Usa/Model/Shipping/Carrier/Fedex.php(1020): SoapClient->__call('track', Array)
#1 /var/www/upgrade/app/code/core/Mage/Usa/Model/Shipping/Carrier/Fedex.php(1020): SoapClient->track(Array)
#2 /var/www/upgrade/app/code/core/Mage/Usa/Model/Shipping/Carrier/Fedex.php(958): Mage_Usa_Model_Shipping_Carrier_Fedex->_getXMLTracking('056410715017139')
#3 /var/www/upgrade/app/code/core/Mage/Usa/Model/Shipping/Carrier/Abstract.php(75): Mage_Usa_Model_Shipping_Carrier_Fedex->getTracking('056410715017139')
#4 /var/www/upgrade/app/code/core/Mage/Sales/Model/Order/Shipment/Track.php(154): Mage_Usa_Model_Shipping_Carrier_Abstract->getTrackingInfo('056410715017139')
#5 /var/www/upgrade/app/code/core/Mage/Shipping/Model/Info.php(123): Mage_Sales_Model_Order_Shipment_Track->getNumberDetail()
#6 /var/www/upgrade/app/code/core/Mage/Shipping/Model/Info.php(53): Mage_Shipping_Model_Info->getTrackingInfoByOrder()
#7 /var/www/upgrade/app/code/core/Mage/Shipping/controllers/TrackingController.php(69): Mage_Shipping_Model_Info->loadByHash('b3JkZXJfaWQ6NTc...')
#8 /var/www/upgrade/app/code/core/Mage/Core/Controller/Varien/Action.php(418): Mage_Shipping_TrackingController->popupAction()
#9 /var/www/upgrade/app/code/local/Mage/Core/Controller/Varien/Router/Standard.php(250): Mage_Core_Controller_Varien_Action->dispatch('popup')
#10 /var/www/upgrade/app/code/core/Mage/Core/Controller/Varien/Front.php(172): Mage_Core_Controller_Varien_Router_Standard->match(Object(Mage_Core_Controller_Request_Http))
#11 /var/www/upgrade/app/code/core/Mage/Core/Model/App.php(354): Mage_Core_Controller_Varien_Front->dispatch()
#12 /var/www/upgrade/app/Mage.php(683): Mage_Core_Model_App->run(Array)
#13 /var/www/upgrade/index.php(87): Mage::run('', 'store')
#14 {main}
2013-09-04T23:37:37+00:00 ERR (3): 
SoapFault exception: [Client] SOAP-ERROR: Encoding: string '1\xb0...' is not a valid utf-8 string in /var/www/upgrade/app/code/core/Mage/Usa/Model/Shipping/Carrier/Fedex.php:1020
Stack trace:
#0 /var/www/upgrade/app/code/core/Mage/Usa/Model/Shipping/Carrier/Fedex.php(1020): SoapClient->__call('track', Array)
#1 /var/www/upgrade/app/code/core/Mage/Usa/Model/Shipping/Carrier/Fedex.php(1020): SoapClient->track(Array)
#2 /var/www/upgrade/app/code/core/Mage/Usa/Model/Shipping/Carrier/Fedex.php(958): Mage_Usa_Model_Shipping_Carrier_Fedex->_getXMLTracking('504871230000686')
#3 /var/www/upgrade/app/code/core/Mage/Usa/Model/Shipping/Carrier/Abstract.php(75): Mage_Usa_Model_Shipping_Carrier_Fedex->getTracking('504871230000686')
#4 /var/www/upgrade/app/code/core/Mage/Sales/Model/Order/Shipment/Track.php(154): Mage_Usa_Model_Shipping_Carrier_Abstract->getTrackingInfo('504871230000686')
#5 /var/www/upgrade/app/code/core/Mage/Shipping/Model/Info.php(147): Mage_Sales_Model_Order_Shipment_Track->getNumberDetail()
#6 /var/www/upgrade/app/code/core/Mage/Shipping/Model/Info.php(55): Mage_Shipping_Model_Info->getTrackingInfoByShip()
#7 /var/www/upgrade/app/code/core/Mage/Shipping/controllers/TrackingController.php(69): Mage_Shipping_Model_Info->loadByHash('c2hpcF9pZDoyOTI...')
#8 /var/www/upgrade/app/code/core/Mage/Core/Controller/Varien/Action.php(418): Mage_Shipping_TrackingController->popupAction()
#9 /var/www/upgrade/app/code/local/Mage/Core/Controller/Varien/Router/Standard.php(250): Mage_Core_Controller_Varien_Action->dispatch('popup')
#10 /var/www/upgrade/app/code/core/Mage/Core/Controller/Varien/Front.php(172): Mage_Core_Controller_Varien_Router_Standard->match(Object(Mage_Core_Controller_Request_Http))
#11 /var/www/upgrade/app/code/core/Mage/Core/Model/App.php(354): Mage_Core_Controller_Varien_Front->dispatch()
#12 /var/www/upgrade/app/Mage.php(683): Mage_Core_Model_App->run(Array)
#13 /var/www/upgrade/index.php(87): Mage::run('', 'store')
#14 {main}
2013-09-04T23:37:39+00:00 ERR (3): 
SoapFault exception: [Client] SOAP-ERROR: Encoding: string '1\xb0...' is not a valid utf-8 string in /var/www/upgrade/app/code/core/Mage/Usa/Model/Shipping/Carrier/Fedex.php:1020
Stack trace:
#0 /var/www/upgrade/app/code/core/Mage/Usa/Model/Shipping/Carrier/Fedex.php(1020): SoapClient->__call('track', Array)
#1 /var/www/upgrade/app/code/core/Mage/Usa/Model/Shipping/Carrier/Fedex.php(1020): SoapClient->track(Array)
#2 /var/www/upgrade/app/code/core/Mage/Usa/Model/Shipping/Carrier/Fedex.php(958): Mage_Usa_Model_Shipping_Carrier_Fedex->_getXMLTracking('504871230000686')
#3 /var/www/upgrade/app/code/core/Mage/Usa/Model/Shipping/Carrier/Abstract.php(75): Mage_Usa_Model_Shipping_Carrier_Fedex->getTracking('504871230000686')
#4 /var/www/upgrade/app/code/core/Mage/Sales/Model/Order/Shipment/Track.php(154): Mage_Usa_Model_Shipping_Carrier_Abstract->getTrackingInfo('504871230000686')
#5 /var/www/upgrade/app/code/core/Mage/Shipping/Model/Info.php(147): Mage_Sales_Model_Order_Shipment_Track->getNumberDetail()
#6 /var/www/upgrade/app/code/core/Mage/Shipping/Model/Info.php(55): Mage_Shipping_Model_Info->getTrackingInfoByShip()
#7 /var/www/upgrade/app/code/core/Mage/Shipping/controllers/TrackingController.php(69): Mage_Shipping_Model_Info->loadByHash('c2hpcF9pZDoyOTI...')
#8 /var/www/upgrade/app/code/core/Mage/Core/Controller/Varien/Action.php(418): Mage_Shipping_TrackingController->popupAction()
#9 /var/www/upgrade/app/code/local/Mage/Core/Controller/Varien/Router/Standard.php(250): Mage_Core_Controller_Varien_Action->dispatch('popup')
#10 /var/www/upgrade/app/code/core/Mage/Core/Controller/Varien/Front.php(172): Mage_Core_Controller_Varien_Router_Standard->match(Object(Mage_Core_Controller_Request_Http))
#11 /var/www/upgrade/app/code/core/Mage/Core/Model/App.php(354): Mage_Core_Controller_Varien_Front->dispatch()
#12 /var/www/upgrade/app/Mage.php(683): Mage_Core_Model_App->run(Array)
#13 /var/www/upgrade/index.php(87): Mage::run('', 'store')
#14 {main}
2013-09-04T23:38:18+00:00 ERR (3): 
SoapFault exception: [Client] SOAP-ERROR: Encoding: string '1\xb0...' is not a valid utf-8 string in /var/www/upgrade/app/code/core/Mage/Usa/Model/Shipping/Carrier/Fedex.php:1020
Stack trace:
#0 /var/www/upgrade/app/code/core/Mage/Usa/Model/Shipping/Carrier/Fedex.php(1020): SoapClient->__call('track', Array)
#1 /var/www/upgrade/app/code/core/Mage/Usa/Model/Shipping/Carrier/Fedex.php(1020): SoapClient->track(Array)
#2 /var/www/upgrade/app/code/core/Mage/Usa/Model/Shipping/Carrier/Fedex.php(958): Mage_Usa_Model_Shipping_Carrier_Fedex->_getXMLTracking('504871230000686')
#3 /var/www/upgrade/app/code/core/Mage/Usa/Model/Shipping/Carrier/Abstract.php(75): Mage_Usa_Model_Shipping_Carrier_Fedex->getTracking('504871230000686')
#4 /var/www/upgrade/app/code/core/Mage/Sales/Model/Order/Shipment/Track.php(154): Mage_Usa_Model_Shipping_Carrier_Abstract->getTrackingInfo('504871230000686')
#5 /var/www/upgrade/app/code/core/Mage/Shipping/Model/Info.php(123): Mage_Sales_Model_Order_Shipment_Track->getNumberDetail()
#6 /var/www/upgrade/app/code/core/Mage/Shipping/Model/Info.php(53): Mage_Shipping_Model_Info->getTrackingInfoByOrder()
#7 /var/www/upgrade/app/code/core/Mage/Shipping/controllers/TrackingController.php(69): Mage_Shipping_Model_Info->loadByHash('b3JkZXJfaWQ6NTY...')
#8 /var/www/upgrade/app/code/core/Mage/Core/Controller/Varien/Action.php(418): Mage_Shipping_TrackingController->popupAction()
#9 /var/www/upgrade/app/code/local/Mage/Core/Controller/Varien/Router/Standard.php(250): Mage_Core_Controller_Varien_Action->dispatch('popup')
#10 /var/www/upgrade/app/code/core/Mage/Core/Controller/Varien/Front.php(172): Mage_Core_Controller_Varien_Router_Standard->match(Object(Mage_Core_Controller_Request_Http))
#11 /var/www/upgrade/app/code/core/Mage/Core/Model/App.php(354): Mage_Core_Controller_Varien_Front->dispatch()
#12 /var/www/upgrade/app/Mage.php(683): Mage_Core_Model_App->run(Array)
#13 /var/www/upgrade/index.php(87): Mage::run('', 'store')
#14 {main}
2013-09-04T23:38:19+00:00 ERR (3): 
SoapFault exception: [Client] SOAP-ERROR: Encoding: string '1\xb0...' is not a valid utf-8 string in /var/www/upgrade/app/code/core/Mage/Usa/Model/Shipping/Carrier/Fedex.php:1020
Stack trace:
#0 /var/www/upgrade/app/code/core/Mage/Usa/Model/Shipping/Carrier/Fedex.php(1020): SoapClient->__call('track', Array)
#1 /var/www/upgrade/app/code/core/Mage/Usa/Model/Shipping/Carrier/Fedex.php(1020): SoapClient->track(Array)
#2 /var/www/upgrade/app/code/core/Mage/Usa/Model/Shipping/Carrier/Fedex.php(958): Mage_Usa_Model_Shipping_Carrier_Fedex->_getXMLTracking('504871230000686')
#3 /var/www/upgrade/app/code/core/Mage/Usa/Model/Shipping/Carrier/Abstract.php(75): Mage_Usa_Model_Shipping_Carrier_Fedex->getTracking('504871230000686')
#4 /var/www/upgrade/app/code/core/Mage/Sales/Model/Order/Shipment/Track.php(154): Mage_Usa_Model_Shipping_Carrier_Abstract->getTrackingInfo('504871230000686')
#5 /var/www/upgrade/app/code/core/Mage/Shipping/Model/Info.php(123): Mage_Sales_Model_Order_Shipment_Track->getNumberDetail()
#6 /var/www/upgrade/app/code/core/Mage/Shipping/Model/Info.php(53): Mage_Shipping_Model_Info->getTrackingInfoByOrder()
#7 /var/www/upgrade/app/code/core/Mage/Shipping/controllers/TrackingController.php(69): Mage_Shipping_Model_Info->loadByHash('b3JkZXJfaWQ6NTY...')
#8 /var/www/upgrade/app/code/core/Mage/Core/Controller/Varien/Action.php(418): Mage_Shipping_TrackingController->popupAction()
#9 /var/www/upgrade/app/code/local/Mage/Core/Controller/Varien/Router/Standard.php(250): Mage_Core_Controller_Varien_Action->dispatch('popup')
#10 /var/www/upgrade/app/code/core/Mage/Core/Controller/Varien/Front.php(172): Mage_Core_Controller_Varien_Router_Standard->match(Object(Mage_Core_Controller_Request_Http))
#11 /var/www/upgrade/app/code/core/Mage/Core/Model/App.php(354): Mage_Core_Controller_Varien_Front->dispatch()
#12 /var/www/upgrade/app/Mage.php(683): Mage_Core_Model_App->run(Array)
#13 /var/www/upgrade/index.php(87): Mage::run('', 'store')
#14 {main}
2013-09-04T23:51:36+00:00 ERR (3): 
SoapFault exception: [Client] SOAP-ERROR: Encoding: string '1\xb0...' is not a valid utf-8 string in /var/www/upgrade/app/code/core/Mage/Usa/Model/Shipping/Carrier/Fedex.php:1020
Stack trace:
#0 /var/www/upgrade/app/code/core/Mage/Usa/Model/Shipping/Carrier/Fedex.php(1020): SoapClient->__call('track', Array)
#1 /var/www/upgrade/app/code/core/Mage/Usa/Model/Shipping/Carrier/Fedex.php(1020): SoapClient->track(Array)
#2 /var/www/upgrade/app/code/core/Mage/Usa/Model/Shipping/Carrier/Fedex.php(958): Mage_Usa_Model_Shipping_Carrier_Fedex->_getXMLTracking('504871230000167')
#3 /var/www/upgrade/app/code/core/Mage/Usa/Model/Shipping/Carrier/Abstract.php(75): Mage_Usa_Model_Shipping_Carrier_Fedex->getTracking('504871230000167')
#4 /var/www/upgrade/app/code/core/Mage/Sales/Model/Order/Shipment/Track.php(154): Mage_Usa_Model_Shipping_Carrier_Abstract->getTrackingInfo('504871230000167')
#5 /var/www/upgrade/app/code/core/Mage/Shipping/Model/Info.php(123): Mage_Sales_Model_Order_Shipment_Track->getNumberDetail()
#6 /var/www/upgrade/app/code/core/Mage/Shipping/Model/Info.php(53): Mage_Shipping_Model_Info->getTrackingInfoByOrder()
#7 /var/www/upgrade/app/code/core/Mage/Shipping/controllers/TrackingController.php(69): Mage_Shipping_Model_Info->loadByHash('b3JkZXJfaWQ6Mzk...')
#8 /var/www/upgrade/app/code/core/Mage/Core/Controller/Varien/Action.php(418): Mage_Shipping_TrackingController->popupAction()
#9 /var/www/upgrade/app/code/local/Mage/Core/Controller/Varien/Router/Standard.php(250): Mage_Core_Controller_Varien_Action->dispatch('popup')
#10 /var/www/upgrade/app/code/core/Mage/Core/Controller/Varien/Front.php(172): Mage_Core_Controller_Varien_Router_Standard->match(Object(Mage_Core_Controller_Request_Http))
#11 /var/www/upgrade/app/code/core/Mage/Core/Model/App.php(354): Mage_Core_Controller_Varien_Front->dispatch()
#12 /var/www/upgrade/app/Mage.php(683): Mage_Core_Model_App->run(Array)
#13 /var/www/upgrade/index.php(87): Mage::run('', 'store')
#14 {main}
2013-09-04T23:51:37+00:00 ERR (3): 
SoapFault exception: [Client] SOAP-ERROR: Encoding: string '1\xb0...' is not a valid utf-8 string in /var/www/upgrade/app/code/core/Mage/Usa/Model/Shipping/Carrier/Fedex.php:1020
Stack trace:
#0 /var/www/upgrade/app/code/core/Mage/Usa/Model/Shipping/Carrier/Fedex.php(1020): SoapClient->__call('track', Array)
#1 /var/www/upgrade/app/code/core/Mage/Usa/Model/Shipping/Carrier/Fedex.php(1020): SoapClient->track(Array)
#2 /var/www/upgrade/app/code/core/Mage/Usa/Model/Shipping/Carrier/Fedex.php(958): Mage_Usa_Model_Shipping_Carrier_Fedex->_getXMLTracking('504871230000167')
#3 /var/www/upgrade/app/code/core/Mage/Usa/Model/Shipping/Carrier/Abstract.php(75): Mage_Usa_Model_Shipping_Carrier_Fedex->getTracking('504871230000167')
#4 /var/www/upgrade/app/code/core/Mage/Sales/Model/Order/Shipment/Track.php(154): Mage_Usa_Model_Shipping_Carrier_Abstract->getTrackingInfo('504871230000167')
#5 /var/www/upgrade/app/code/core/Mage/Shipping/Model/Info.php(123): Mage_Sales_Model_Order_Shipment_Track->getNumberDetail()
#6 /var/www/upgrade/app/code/core/Mage/Shipping/Model/Info.php(53): Mage_Shipping_Model_Info->getTrackingInfoByOrder()
#7 /var/www/upgrade/app/code/core/Mage/Shipping/controllers/TrackingController.php(69): Mage_Shipping_Model_Info->loadByHash('b3JkZXJfaWQ6Mzk...')
#8 /var/www/upgrade/app/code/core/Mage/Core/Controller/Varien/Action.php(418): Mage_Shipping_TrackingController->popupAction()
#9 /var/www/upgrade/app/code/local/Mage/Core/Controller/Varien/Router/Standard.php(250): Mage_Core_Controller_Varien_Action->dispatch('popup')
#10 /var/www/upgrade/app/code/core/Mage/Core/Controller/Varien/Front.php(172): Mage_Core_Controller_Varien_Router_Standard->match(Object(Mage_Core_Controller_Request_Http))
#11 /var/www/upgrade/app/code/core/Mage/Core/Model/App.php(354): Mage_Core_Controller_Varien_Front->dispatch()
#12 /var/www/upgrade/app/Mage.php(683): Mage_Core_Model_App->run(Array)
#13 /var/www/upgrade/index.php(87): Mage::run('', 'store')
#14 {main}
2013-09-04T23:58:48+00:00 ERR (3): 
SoapFault exception: [Client] SOAP-ERROR: Encoding: string '1\xb0...' is not a valid utf-8 string in /var/www/upgrade/app/code/core/Mage/Usa/Model/Shipping/Carrier/Fedex.php:1020
Stack trace:
#0 /var/www/upgrade/app/code/core/Mage/Usa/Model/Shipping/Carrier/Fedex.php(1020): SoapClient->__call('track', Array)
#1 /var/www/upgrade/app/code/core/Mage/Usa/Model/Shipping/Carrier/Fedex.php(1020): SoapClient->track(Array)
#2 /var/www/upgrade/app/code/core/Mage/Usa/Model/Shipping/Carrier/Fedex.php(958): Mage_Usa_Model_Shipping_Carrier_Fedex->_getXMLTracking('056410715017115')
#3 /var/www/upgrade/app/code/core/Mage/Usa/Model/Shipping/Carrier/Abstract.php(75): Mage_Usa_Model_Shipping_Carrier_Fedex->getTracking('056410715017115')
#4 /var/www/upgrade/app/code/core/Mage/Sales/Model/Order/Shipment/Track.php(154): Mage_Usa_Model_Shipping_Carrier_Abstract->getTrackingInfo('056410715017115')
#5 /var/www/upgrade/app/code/core/Mage/Shipping/Model/Info.php(123): Mage_Sales_Model_Order_Shipment_Track->getNumberDetail()
#6 /var/www/upgrade/app/code/core/Mage/Shipping/Model/Info.php(53): Mage_Shipping_Model_Info->getTrackingInfoByOrder()
#7 /var/www/upgrade/app/code/core/Mage/Shipping/controllers/TrackingController.php(69): Mage_Shipping_Model_Info->loadByHash('b3JkZXJfaWQ6NTQ...')
#8 /var/www/upgrade/app/code/core/Mage/Core/Controller/Varien/Action.php(418): Mage_Shipping_TrackingController->popupAction()
#9 /var/www/upgrade/app/code/local/Mage/Core/Controller/Varien/Router/Standard.php(250): Mage_Core_Controller_Varien_Action->dispatch('popup')
#10 /var/www/upgrade/app/code/core/Mage/Core/Controller/Varien/Front.php(172): Mage_Core_Controller_Varien_Router_Standard->match(Object(Mage_Core_Controller_Request_Http))
#11 /var/www/upgrade/app/code/core/Mage/Core/Model/App.php(354): Mage_Core_Controller_Varien_Front->dispatch()
#12 /var/www/upgrade/app/Mage.php(683): Mage_Core_Model_App->run(Array)
#13 /var/www/upgrade/index.php(87): Mage::run('', 'store')
#14 {main}
2013-09-04T23:58:49+00:00 ERR (3): 
SoapFault exception: [Client] SOAP-ERROR: Encoding: string '1\xb0...' is not a valid utf-8 string in /var/www/upgrade/app/code/core/Mage/Usa/Model/Shipping/Carrier/Fedex.php:1020
Stack trace:
#0 /var/www/upgrade/app/code/core/Mage/Usa/Model/Shipping/Carrier/Fedex.php(1020): SoapClient->__call('track', Array)
#1 /var/www/upgrade/app/code/core/Mage/Usa/Model/Shipping/Carrier/Fedex.php(1020): SoapClient->track(Array)
#2 /var/www/upgrade/app/code/core/Mage/Usa/Model/Shipping/Carrier/Fedex.php(958): Mage_Usa_Model_Shipping_Carrier_Fedex->_getXMLTracking('056410715017115')
#3 /var/www/upgrade/app/code/core/Mage/Usa/Model/Shipping/Carrier/Abstract.php(75): Mage_Usa_Model_Shipping_Carrier_Fedex->getTracking('056410715017115')
#4 /var/www/upgrade/app/code/core/Mage/Sales/Model/Order/Shipment/Track.php(154): Mage_Usa_Model_Shipping_Carrier_Abstract->getTrackingInfo('056410715017115')
#5 /var/www/upgrade/app/code/core/Mage/Shipping/Model/Info.php(123): Mage_Sales_Model_Order_Shipment_Track->getNumberDetail()
#6 /var/www/upgrade/app/code/core/Mage/Shipping/Model/Info.php(53): Mage_Shipping_Model_Info->getTrackingInfoByOrder()
#7 /var/www/upgrade/app/code/core/Mage/Shipping/controllers/TrackingController.php(69): Mage_Shipping_Model_Info->loadByHash('b3JkZXJfaWQ6NTQ...')
#8 /var/www/upgrade/app/code/core/Mage/Core/Controller/Varien/Action.php(418): Mage_Shipping_TrackingController->popupAction()
#9 /var/www/upgrade/app/code/local/Mage/Core/Controller/Varien/Router/Standard.php(250): Mage_Core_Controller_Varien_Action->dispatch('popup')
#10 /var/www/upgrade/app/code/core/Mage/Core/Controller/Varien/Front.php(172): Mage_Core_Controller_Varien_Router_Standard->match(Object(Mage_Core_Controller_Request_Http))
#11 /var/www/upgrade/app/code/core/Mage/Core/Model/App.php(354): Mage_Core_Controller_Varien_Front->dispatch()
#12 /var/www/upgrade/app/Mage.php(683): Mage_Core_Model_App->run(Array)
#13 /var/www/upgrade/index.php(87): Mage::run('', 'store')
#14 {main}
2013-09-05T00:00:33+00:00 ERR (3): 
SoapFault exception: [Client] SOAP-ERROR: Encoding: string '1\xb0...' is not a valid utf-8 string in /var/www/upgrade/app/code/core/Mage/Usa/Model/Shipping/Carrier/Fedex.php:1020
Stack trace:
#0 /var/www/upgrade/app/code/core/Mage/Usa/Model/Shipping/Carrier/Fedex.php(1020): SoapClient->__call('track', Array)
#1 /var/www/upgrade/app/code/core/Mage/Usa/Model/Shipping/Carrier/Fedex.php(1020): SoapClient->track(Array)
#2 /var/www/upgrade/app/code/core/Mage/Usa/Model/Shipping/Carrier/Fedex.php(958): Mage_Usa_Model_Shipping_Carrier_Fedex->_getXMLTracking('504871230000686')
#3 /var/www/upgrade/app/code/core/Mage/Usa/Model/Shipping/Carrier/Abstract.php(75): Mage_Usa_Model_Shipping_Carrier_Fedex->getTracking('504871230000686')
#4 /var/www/upgrade/app/code/core/Mage/Sales/Model/Order/Shipment/Track.php(154): Mage_Usa_Model_Shipping_Carrier_Abstract->getTrackingInfo('504871230000686')
#5 /var/www/upgrade/app/code/core/Mage/Shipping/Model/Info.php(123): Mage_Sales_Model_Order_Shipment_Track->getNumberDetail()
#6 /var/www/upgrade/app/code/core/Mage/Shipping/Model/Info.php(53): Mage_Shipping_Model_Info->getTrackingInfoByOrder()
#7 /var/www/upgrade/app/code/core/Mage/Shipping/controllers/TrackingController.php(69): Mage_Shipping_Model_Info->loadByHash('b3JkZXJfaWQ6NTY...')
#8 /var/www/upgrade/app/code/core/Mage/Core/Controller/Varien/Action.php(418): Mage_Shipping_TrackingController->popupAction()
#9 /var/www/upgrade/app/code/local/Mage/Core/Controller/Varien/Router/Standard.php(250): Mage_Core_Controller_Varien_Action->dispatch('popup')
#10 /var/www/upgrade/app/code/core/Mage/Core/Controller/Varien/Front.php(172): Mage_Core_Controller_Varien_Router_Standard->match(Object(Mage_Core_Controller_Request_Http))
#11 /var/www/upgrade/app/code/core/Mage/Core/Model/App.php(354): Mage_Core_Controller_Varien_Front->dispatch()
#12 /var/www/upgrade/app/Mage.php(683): Mage_Core_Model_App->run(Array)
#13 /var/www/upgrade/index.php(87): Mage::run('', 'store')
#14 {main}
2013-09-05T00:00:35+00:00 ERR (3): 
SoapFault exception: [Client] SOAP-ERROR: Encoding: string '1\xb0...' is not a valid utf-8 string in /var/www/upgrade/app/code/core/Mage/Usa/Model/Shipping/Carrier/Fedex.php:1020
Stack trace:
#0 /var/www/upgrade/app/code/core/Mage/Usa/Model/Shipping/Carrier/Fedex.php(1020): SoapClient->__call('track', Array)
#1 /var/www/upgrade/app/code/core/Mage/Usa/Model/Shipping/Carrier/Fedex.php(1020): SoapClient->track(Array)
#2 /var/www/upgrade/app/code/core/Mage/Usa/Model/Shipping/Carrier/Fedex.php(958): Mage_Usa_Model_Shipping_Carrier_Fedex->_getXMLTracking('504871230000686')
#3 /var/www/upgrade/app/code/core/Mage/Usa/Model/Shipping/Carrier/Abstract.php(75): Mage_Usa_Model_Shipping_Carrier_Fedex->getTracking('504871230000686')
#4 /var/www/upgrade/app/code/core/Mage/Sales/Model/Order/Shipment/Track.php(154): Mage_Usa_Model_Shipping_Carrier_Abstract->getTrackingInfo('504871230000686')
#5 /var/www/upgrade/app/code/core/Mage/Shipping/Model/Info.php(123): Mage_Sales_Model_Order_Shipment_Track->getNumberDetail()
#6 /var/www/upgrade/app/code/core/Mage/Shipping/Model/Info.php(53): Mage_Shipping_Model_Info->getTrackingInfoByOrder()
#7 /var/www/upgrade/app/code/core/Mage/Shipping/controllers/TrackingController.php(69): Mage_Shipping_Model_Info->loadByHash('b3JkZXJfaWQ6NTY...')
#8 /var/www/upgrade/app/code/core/Mage/Core/Controller/Varien/Action.php(418): Mage_Shipping_TrackingController->popupAction()
#9 /var/www/upgrade/app/code/local/Mage/Core/Controller/Varien/Router/Standard.php(250): Mage_Core_Controller_Varien_Action->dispatch('popup')
#10 /var/www/upgrade/app/code/core/Mage/Core/Controller/Varien/Front.php(172): Mage_Core_Controller_Varien_Router_Standard->match(Object(Mage_Core_Controller_Request_Http))
#11 /var/www/upgrade/app/code/core/Mage/Core/Model/App.php(354): Mage_Core_Controller_Varien_Front->dispatch()
#12 /var/www/upgrade/app/Mage.php(683): Mage_Core_Model_App->run(Array)
#13 /var/www/upgrade/index.php(87): Mage::run('', 'store')
#14 {main}
2013-09-05T00:07:21+00:00 ERR (3): 
exception 'Mage_Core_Exception' with message 'Mage registry key "osc_p_payment" already exists' in /var/www/upgrade/app/Mage.php:594
Stack trace:
#0 /var/www/upgrade/app/Mage.php(222): Mage::throwException('Mage registry k...')
#1 /var/www/upgrade/app/code/local/Magify/OneStepCheckout/Model/Observers/PresetDefaults.php(340): Mage::register('osc_p_payment', 'pay')
#2 /var/www/upgrade/app/code/local/Magify/OneStepCheckout/Model/Observers/PresetDefaults.php(66): Magify_OneStepCheckout_Model_Observers_PresetDefaults->setPaymentDefaults(Object(Varien_Event_Observer))
#3 /var/www/upgrade/app/code/core/Mage/Core/Model/App.php(1338): Magify_OneStepCheckout_Model_Observers_PresetDefaults->setDefaultsOnLogin(Object(Varien_Event_Observer))
#4 /var/www/upgrade/app/code/core/Mage/Core/Model/App.php(1311): Mage_Core_Model_App->_callObserverMethod(Object(Magify_OneStepCheckout_Model_Observers_PresetDefaults), 'setDefaultsOnLo...', Object(Varien_Event_Observer))
#5 /var/www/upgrade/app/Mage.php(447): Mage_Core_Model_App->dispatchEvent('customer_login', Array)
#6 /var/www/upgrade/app/code/core/Mage/Customer/Model/Session.php(225): Mage::dispatchEvent('customer_login', Array)
#7 /var/www/upgrade/app/code/core/Mage/Customer/Model/Session.php(215): Mage_Customer_Model_Session->setCustomerAsLoggedIn(Object(Mage_Customer_Model_Customer))
#8 /var/www/upgrade/app/code/local/Magify/OneStepCheckout/controllers/AjaxController.php(1288): Mage_Customer_Model_Session->login('virginia_mdrd@y...', 'monkey24')
#9 /var/www/upgrade/app/code/core/Mage/Core/Controller/Varien/Action.php(418): Magify_OneStepCheckout_AjaxController->loginAction()
#10 /var/www/upgrade/app/code/local/Mage/Core/Controller/Varien/Router/Standard.php(250): Mage_Core_Controller_Varien_Action->dispatch('login')
#11 /var/www/upgrade/app/code/core/Mage/Core/Controller/Varien/Front.php(172): Mage_Core_Controller_Varien_Router_Standard->match(Object(Mage_Core_Controller_Request_Http))
#12 /var/www/upgrade/app/code/core/Mage/Core/Model/App.php(354): Mage_Core_Controller_Varien_Front->dispatch()
#13 /var/www/upgrade/app/Mage.php(683): Mage_Core_Model_App->run(Array)
#14 /var/www/upgrade/index.php(87): Mage::run('', 'store')
#15 {main}
2013-09-05T00:41:46+00:00 ERR (3): 
SoapFault exception: [Client] SOAP-ERROR: Encoding: string '1\xb0...' is not a valid utf-8 string in /var/www/upgrade/app/code/core/Mage/Usa/Model/Shipping/Carrier/Fedex.php:1020
Stack trace:
#0 /var/www/upgrade/app/code/core/Mage/Usa/Model/Shipping/Carrier/Fedex.php(1020): SoapClient->__call('track', Array)
#1 /var/www/upgrade/app/code/core/Mage/Usa/Model/Shipping/Carrier/Fedex.php(1020): SoapClient->track(Array)
#2 /var/www/upgrade/app/code/core/Mage/Usa/Model/Shipping/Carrier/Fedex.php(958): Mage_Usa_Model_Shipping_Carrier_Fedex->_getXMLTracking('056410715017030')
#3 /var/www/upgrade/app/code/core/Mage/Usa/Model/Shipping/Carrier/Abstract.php(75): Mage_Usa_Model_Shipping_Carrier_Fedex->getTracking('056410715017030')
#4 /var/www/upgrade/app/code/core/Mage/Sales/Model/Order/Shipment/Track.php(154): Mage_Usa_Model_Shipping_Carrier_Abstract->getTrackingInfo('056410715017030')
#5 /var/www/upgrade/app/code/core/Mage/Shipping/Model/Info.php(123): Mage_Sales_Model_Order_Shipment_Track->getNumberDetail()
#6 /var/www/upgrade/app/code/core/Mage/Shipping/Model/Info.php(53): Mage_Shipping_Model_Info->getTrackingInfoByOrder()
#7 /var/www/upgrade/app/code/core/Mage/Shipping/controllers/TrackingController.php(69): Mage_Shipping_Model_Info->loadByHash('b3JkZXJfaWQ6NTc...')
#8 /var/www/upgrade/app/code/core/Mage/Core/Controller/Varien/Action.php(418): Mage_Shipping_TrackingController->popupAction()
#9 /var/www/upgrade/app/code/local/Mage/Core/Controller/Varien/Router/Standard.php(250): Mage_Core_Controller_Varien_Action->dispatch('popup')
#10 /var/www/upgrade/app/code/core/Mage/Core/Controller/Varien/Front.php(172): Mage_Core_Controller_Varien_Router_Standard->match(Object(Mage_Core_Controller_Request_Http))
#11 /var/www/upgrade/app/code/core/Mage/Core/Model/App.php(354): Mage_Core_Controller_Varien_Front->dispatch()
#12 /var/www/upgrade/app/Mage.php(683): Mage_Core_Model_App->run(Array)
#13 /var/www/upgrade/index.php(87): Mage::run('', 'store')
#14 {main}
2013-09-05T00:41:47+00:00 ERR (3): 
SoapFault exception: [Client] SOAP-ERROR: Encoding: string '1\xb0...' is not a valid utf-8 string in /var/www/upgrade/app/code/core/Mage/Usa/Model/Shipping/Carrier/Fedex.php:1020
Stack trace:
#0 /var/www/upgrade/app/code/core/Mage/Usa/Model/Shipping/Carrier/Fedex.php(1020): SoapClient->__call('track', Array)
#1 /var/www/upgrade/app/code/core/Mage/Usa/Model/Shipping/Carrier/Fedex.php(1020): SoapClient->track(Array)
#2 /var/www/upgrade/app/code/core/Mage/Usa/Model/Shipping/Carrier/Fedex.php(958): Mage_Usa_Model_Shipping_Carrier_Fedex->_getXMLTracking('056410715017030')
#3 /var/www/upgrade/app/code/core/Mage/Usa/Model/Shipping/Carrier/Abstract.php(75): Mage_Usa_Model_Shipping_Carrier_Fedex->getTracking('056410715017030')
#4 /var/www/upgrade/app/code/core/Mage/Sales/Model/Order/Shipment/Track.php(154): Mage_Usa_Model_Shipping_Carrier_Abstract->getTrackingInfo('056410715017030')
#5 /var/www/upgrade/app/code/core/Mage/Shipping/Model/Info.php(123): Mage_Sales_Model_Order_Shipment_Track->getNumberDetail()
#6 /var/www/upgrade/app/code/core/Mage/Shipping/Model/Info.php(53): Mage_Shipping_Model_Info->getTrackingInfoByOrder()
#7 /var/www/upgrade/app/code/core/Mage/Shipping/controllers/TrackingController.php(69): Mage_Shipping_Model_Info->loadByHash('b3JkZXJfaWQ6NTc...')
#8 /var/www/upgrade/app/code/core/Mage/Core/Controller/Varien/Action.php(418): Mage_Shipping_TrackingController->popupAction()
#9 /var/www/upgrade/app/code/local/Mage/Core/Controller/Varien/Router/Standard.php(250): Mage_Core_Controller_Varien_Action->dispatch('popup')
#10 /var/www/upgrade/app/code/core/Mage/Core/Controller/Varien/Front.php(172): Mage_Core_Controller_Varien_Router_Standard->match(Object(Mage_Core_Controller_Request_Http))
#11 /var/www/upgrade/app/code/core/Mage/Core/Model/App.php(354): Mage_Core_Controller_Varien_Front->dispatch()
#12 /var/www/upgrade/app/Mage.php(683): Mage_Core_Model_App->run(Array)
#13 /var/www/upgrade/index.php(87): Mage::run('', 'store')
#14 {main}
